{"/Users/brendan/workspace/v4-simulator/src/index.ts": {"path":"/Users/brendan/workspace/v4-simulator/src/index.ts","statementMap":{"0":{"start":{"line":2,"column":0},"end":{"line":2,"column":31}},"1":{"start":{"line":3,"column":0},"end":{"line":3,"column":36}},"2":{"start":{"line":4,"column":0},"end":{"line":4,"column":43}},"3":{"start":{"line":5,"column":0},"end":{"line":5,"column":45}},"4":{"start":{"line":6,"column":0},"end":{"line":6,"column":54}},"5":{"start":{"line":8,"column":16},"end":{"line":8,"column":29}},"6":{"start":{"line":10,"column":0},"end":{"line":18,"column":null}},"7":{"start":{"line":20,"column":0},"end":{"line":22,"column":null}},"8":{"start":{"line":24,"column":0},"end":{"line":29,"column":null}},"9":{"start":{"line":31,"column":0},"end":{"line":31,"column":null}},"10":{"start":{"line":32,"column":0},"end":{"line":32,"column":null}}},"fnMap":{},"branchMap":{},"s":{"0":0,"1":0,"2":0,"3":0,"4":0,"5":0,"6":0,"7":0,"8":0,"9":0,"10":0},"f":{},"b":{}}
,"/Users/brendan/workspace/v4-simulator/src/commands/metrics.ts": {"path":"/Users/brendan/workspace/v4-simulator/src/commands/metrics.ts","statementMap":{"0":{"start":{"line":1,"column":0},"end":{"line":1,"column":32}},"1":{"start":{"line":2,"column":0},"end":{"line":2,"column":61}},"2":{"start":{"line":5,"column":14},"end":{"line":5,"column":30}},"3":{"start":{"line":8,"column":36},"end":{"line":8,"column":null}},"4":{"start":{"line":8,"column":10},"end":{"line":8,"column":null}},"5":{"start":{"line":10,"column":10},"end":{"line":13,"column":null}},"6":{"start":{"line":11,"column":8},"end":{"line":11,"column":null}},"7":{"start":{"line":12,"column":8},"end":{"line":12,"column":null}},"8":{"start":{"line":15,"column":4},"end":{"line":15,"column":null}},"9":{"start":{"line":7,"column":0},"end":{"line":7,"column":22}}},"fnMap":{"0":{"name":"metrics","decl":{"start":{"line":7,"column":22},"end":{"line":7,"column":29}},"loc":{"start":{"line":7,"column":58},"end":{"line":16,"column":null}}},"1":{"name":"(anonymous_3)","decl":{"start":{"line":10,"column":38},"end":{"line":10,"column":39}},"loc":{"start":{"line":10,"column":54},"end":{"line":13,"column":5}}}},"branchMap":{"0":{"loc":{"start":{"line":8,"column":36},"end":{"line":8,"column":null}},"type":"switch","locations":[{"start":{"line":8,"column":36},"end":{"line":8,"column":null}}]}},"s":{"0":0,"1":0,"2":0,"3":0,"4":0,"5":0,"6":0,"7":0,"8":0,"9":0},"f":{"0":0,"1":0},"b":{"0":[0]}}
,"/Users/brendan/workspace/v4-simulator/src/commands/prize-counts.ts": {"path":"/Users/brendan/workspace/v4-simulator/src/commands/prize-counts.ts","statementMap":{"0":{"start":{"line":1,"column":14},"end":{"line":1,"column":30}},"1":{"start":{"line":4,"column":15},"end":{"line":4,"column":17}},"2":{"start":{"line":5,"column":2},"end":{"line":12,"column":null}},"3":{"start":{"line":5,"column":15},"end":{"line":5,"column":16}},"4":{"start":{"line":6,"column":23},"end":{"line":6,"column":null}},"5":{"start":{"line":7,"column":4},"end":{"line":9,"column":null}},"6":{"start":{"line":8,"column":6},"end":{"line":8,"column":35}},"7":{"start":{"line":10,"column":4},"end":{"line":10,"column":null}},"8":{"start":{"line":11,"column":4},"end":{"line":11,"column":null}},"9":{"start":{"line":13,"column":2},"end":{"line":13,"column":null}},"10":{"start":{"line":17,"column":17},"end":{"line":17,"column":19}},"11":{"start":{"line":18,"column":2},"end":{"line":20,"column":null}},"12":{"start":{"line":18,"column":15},"end":{"line":18,"column":16}},"13":{"start":{"line":19,"column":4},"end":{"line":19,"column":null}},"14":{"start":{"line":21,"column":2},"end":{"line":21,"column":null}},"15":{"start":{"line":25,"column":17},"end":{"line":25,"column":46}},"16":{"start":{"line":26,"column":17},"end":{"line":26,"column":47}},"17":{"start":{"line":27,"column":2},"end":{"line":41,"column":null}},"18":{"start":{"line":27,"column":15},"end":{"line":27,"column":16}},"19":{"start":{"line":28,"column":19},"end":{"line":28,"column":48}},"20":{"start":{"line":29,"column":21},"end":{"line":29,"column":22}},"21":{"start":{"line":30,"column":4},"end":{"line":36,"column":null}},"22":{"start":{"line":30,"column":18},"end":{"line":30,"column":19}},"23":{"start":{"line":31,"column":6},"end":{"line":35,"column":null}},"24":{"start":{"line":32,"column":8},"end":{"line":32,"column":21}},"25":{"start":{"line":34,"column":8},"end":{"line":34,"column":14}},"26":{"start":{"line":37,"column":4},"end":{"line":40,"column":null}},"27":{"start":{"line":38,"column":20},"end":{"line":38,"column":44}},"28":{"start":{"line":39,"column":6},"end":{"line":39,"column":22}},"29":{"start":{"line":42,"column":2},"end":{"line":42,"column":null}},"30":{"start":{"line":47,"column":21},"end":{"line":47,"column":47}},"31":{"start":{"line":48,"column":24},"end":{"line":48,"column":53}},"32":{"start":{"line":49,"column":23},"end":{"line":49,"column":51}},"33":{"start":{"line":51,"column":18},"end":{"line":51,"column":null}},"34":{"start":{"line":52,"column":17},"end":{"line":52,"column":null}},"35":{"start":{"line":53,"column":18},"end":{"line":53,"column":22}},"36":{"start":{"line":55,"column":4},"end":{"line":55,"column":null}},"37":{"start":{"line":56,"column":4},"end":{"line":56,"column":null}},"38":{"start":{"line":57,"column":4},"end":{"line":57,"column":null}},"39":{"start":{"line":58,"column":4},"end":{"line":58,"column":null}},"40":{"start":{"line":60,"column":4},"end":{"line":60,"column":null}},"41":{"start":{"line":62,"column":22},"end":{"line":62,"column":52}},"42":{"start":{"line":64,"column":23},"end":{"line":64,"column":58}},"43":{"start":{"line":65,"column":8},"end":{"line":68,"column":11}},"44":{"start":{"line":66,"column":24},"end":{"line":66,"column":41}},"45":{"start":{"line":67,"column":12},"end":{"line":67,"column":23}},"46":{"start":{"line":63,"column":4},"end":{"line":69,"column":null}},"47":{"start":{"line":63,"column":17},"end":{"line":63,"column":18}},"48":{"start":{"line":63,"column":13},"end":{"line":63,"column":17}},"49":{"start":{"line":71,"column":4},"end":{"line":73,"column":null}},"50":{"start":{"line":71,"column":17},"end":{"line":71,"column":18}},"51":{"start":{"line":72,"column":8},"end":{"line":72,"column":null}},"52":{"start":{"line":75,"column":4},"end":{"line":77,"column":null}},"53":{"start":{"line":75,"column":17},"end":{"line":75,"column":18}},"54":{"start":{"line":76,"column":8},"end":{"line":76,"column":null}},"55":{"start":{"line":80,"column":9},"end":{"line":80,"column":20}}},"fnMap":{"0":{"name":"computeProjected","decl":{"start":{"line":3,"column":9},"end":{"line":3,"column":25}},"loc":{"start":{"line":3,"column":60},"end":{"line":14,"column":1}}},"1":{"name":"newRandom","decl":{"start":{"line":16,"column":9},"end":{"line":16,"column":18}},"loc":{"start":{"line":16,"column":53},"end":{"line":22,"column":1}}},"2":{"name":"simulate","decl":{"start":{"line":24,"column":9},"end":{"line":24,"column":17}},"loc":{"start":{"line":24,"column":67},"end":{"line":43,"column":1}}},"3":{"name":"prizeCounts","decl":{"start":{"line":45,"column":9},"end":{"line":45,"column":20}},"loc":{"start":{"line":45,"column":33},"end":{"line":78,"column":1}}},"4":{"name":"(anonymous_5)","decl":{"start":{"line":65,"column":38},"end":{"line":65,"column":48}},"loc":{"start":{"line":65,"column":56},"end":{"line":68,"column":9}}}},"branchMap":{"0":{"loc":{"start":{"line":7,"column":4},"end":{"line":9,"column":null}},"type":"if","locations":[{"start":{"line":7,"column":4},"end":{"line":9,"column":null}},{"start":{"line":7,"column":4},"end":{"line":9,"column":null}}]},"1":{"loc":{"start":{"line":31,"column":6},"end":{"line":35,"column":null}},"type":"if","locations":[{"start":{"line":31,"column":6},"end":{"line":35,"column":null}},{"start":{"line":31,"column":6},"end":{"line":35,"column":null}}]},"2":{"loc":{"start":{"line":37,"column":4},"end":{"line":40,"column":null}},"type":"if","locations":[{"start":{"line":37,"column":4},"end":{"line":40,"column":null}},{"start":{"line":37,"column":4},"end":{"line":40,"column":null}}]}},"s":{"0":0,"1":0,"2":0,"3":0,"4":0,"5":0,"6":0,"7":0,"8":0,"9":0,"10":0,"11":0,"12":0,"13":0,"14":0,"15":0,"16":0,"17":0,"18":0,"19":0,"20":0,"21":0,"22":0,"23":0,"24":0,"25":0,"26":0,"27":0,"28":0,"29":0,"30":0,"31":0,"32":0,"33":0,"34":0,"35":0,"36":0,"37":0,"38":0,"39":0,"40":0,"41":0,"42":0,"43":0,"44":0,"45":0,"46":0,"47":0,"48":0,"49":0,"50":0,"51":0,"52":0,"53":0,"54":0,"55":0},"f":{"0":0,"1":0,"2":0,"3":0,"4":0},"b":{"0":[0,0],"1":[0,0],"2":[0,0]}}
,"/Users/brendan/workspace/v4-simulator/src/commands/prizes.ts": {"path":"/Users/brendan/workspace/v4-simulator/src/commands/prizes.ts","statementMap":{"0":{"start":{"line":1,"column":0},"end":{"line":1,"column":31}},"1":{"start":{"line":2,"column":0},"end":{"line":2,"column":43}},"2":{"start":{"line":3,"column":0},"end":{"line":3,"column":63}},"3":{"start":{"line":4,"column":0},"end":{"line":4,"column":51}},"4":{"start":{"line":5,"column":0},"end":{"line":5,"column":110}},"5":{"start":{"line":6,"column":0},"end":{"line":6,"column":57}},"6":{"start":{"line":7,"column":14},"end":{"line":7,"column":30}},"7":{"start":{"line":9,"column":21},"end":{"line":13,"column":null}},"8":{"start":{"line":16,"column":10},"end":{"line":16,"column":null}},"9":{"start":{"line":17,"column":10},"end":{"line":17,"column":null}},"10":{"start":{"line":18,"column":10},"end":{"line":18,"column":null}},"11":{"start":{"line":19,"column":10},"end":{"line":19,"column":null}},"12":{"start":{"line":21,"column":22},"end":{"line":21,"column":59}},"13":{"start":{"line":21,"column":10},"end":{"line":21,"column":null}},"14":{"start":{"line":22,"column":4},"end":{"line":22,"column":null}},"15":{"start":{"line":24,"column":10},"end":{"line":26,"column":null}},"16":{"start":{"line":25,"column":8},"end":{"line":25,"column":null}},"17":{"start":{"line":29,"column":8},"end":{"line":29,"column":null}},"18":{"start":{"line":31,"column":10},"end":{"line":31,"column":null}},"19":{"start":{"line":33,"column":10},"end":{"line":40,"column":null}},"20":{"start":{"line":43,"column":10},"end":{"line":46,"column":null}},"21":{"start":{"line":48,"column":10},"end":{"line":51,"column":null}},"22":{"start":{"line":49,"column":8},"end":{"line":49,"column":null}},"23":{"start":{"line":50,"column":8},"end":{"line":50,"column":null}},"24":{"start":{"line":53,"column":4},"end":{"line":53,"column":null}},"25":{"start":{"line":55,"column":4},"end":{"line":55,"column":null}},"26":{"start":{"line":15,"column":0},"end":{"line":15,"column":22}}},"fnMap":{"0":{"name":"prizes","decl":{"start":{"line":15,"column":22},"end":{"line":15,"column":28}},"loc":{"start":{"line":15,"column":91},"end":{"line":56,"column":null}}},"1":{"name":"(anonymous_3)","decl":{"start":{"line":24,"column":40},"end":{"line":24,"column":41}},"loc":{"start":{"line":24,"column":55},"end":{"line":26,"column":5}}},"2":{"name":"(anonymous_4)","decl":{"start":{"line":48,"column":54},"end":{"line":48,"column":55}},"loc":{"start":{"line":48,"column":66},"end":{"line":51,"column":5}}}},"branchMap":{"0":{"loc":{"start":{"line":17,"column":41},"end":{"line":17,"column":54}},"type":"binary-expr","locations":[{"start":{"line":17,"column":41},"end":{"line":17,"column":54}},{"start":{"line":17,"column":58},"end":{"line":17,"column":70}}]}},"s":{"0":0,"1":0,"2":0,"3":0,"4":0,"5":0,"6":0,"7":0,"8":0,"9":0,"10":0,"11":0,"12":0,"13":0,"14":0,"15":0,"16":0,"17":0,"18":0,"19":0,"20":0,"21":0,"22":0,"23":0,"24":0,"25":0,"26":0},"f":{"0":0,"1":0,"2":0},"b":{"0":[0,0]}}
,"/Users/brendan/workspace/v4-simulator/src/lib/computeCardinality.ts": {"path":"/Users/brendan/workspace/v4-simulator/src/lib/computeCardinality.ts","statementMap":{"0":{"start":{"line":1,"column":0},"end":{"line":1,"column":41}},"1":{"start":{"line":6,"column":4},"end":{"line":6,"column":null}},"2":{"start":{"line":8,"column":18},"end":{"line":8,"column":null}},"3":{"start":{"line":10,"column":27},"end":{"line":10,"column":28}},"4":{"start":{"line":13,"column":4},"end":{"line":15,"column":43}},"5":{"start":{"line":14,"column":8},"end":{"line":14,"column":null}},"6":{"start":{"line":17,"column":4},"end":{"line":17,"column":null}},"7":{"start":{"line":19,"column":4},"end":{"line":19,"column":null}},"8":{"start":{"line":3,"column":0},"end":{"line":3,"column":16}}},"fnMap":{"0":{"name":"computeCardinality","decl":{"start":{"line":3,"column":16},"end":{"line":3,"column":34}},"loc":{"start":{"line":6,"column":36},"end":{"line":20,"column":1}}}},"branchMap":{"0":{"loc":{"start":{"line":6,"column":4},"end":{"line":6,"column":null}},"type":"if","locations":[{"start":{"line":6,"column":4},"end":{"line":6,"column":null}},{"start":{"line":6,"column":4},"end":{"line":6,"column":null}}]}},"s":{"0":0,"1":0,"2":0,"3":0,"4":0,"5":0,"6":0,"7":0,"8":0},"f":{"0":0},"b":{"0":[0,0]}}
,"/Users/brendan/workspace/v4-simulator/src/lib/computeProjected.ts": {"path":"/Users/brendan/workspace/v4-simulator/src/lib/computeProjected.ts","statementMap":{"0":{"start":{"line":2,"column":21},"end":{"line":2,"column":22}},"1":{"start":{"line":3,"column":17},"end":{"line":3,"column":19}},"2":{"start":{"line":5,"column":18},"end":{"line":5,"column":null}},"3":{"start":{"line":7,"column":4},"end":{"line":15,"column":null}},"4":{"start":{"line":7,"column":17},"end":{"line":7,"column":18}},"5":{"start":{"line":8,"column":27},"end":{"line":8,"column":null}},"6":{"start":{"line":9,"column":8},"end":{"line":11,"column":null}},"7":{"start":{"line":10,"column":12},"end":{"line":10,"column":39}},"8":{"start":{"line":12,"column":8},"end":{"line":12,"column":34}},"9":{"start":{"line":14,"column":8},"end":{"line":14,"column":null}},"10":{"start":{"line":17,"column":4},"end":{"line":17,"column":18}},"11":{"start":{"line":1,"column":0},"end":{"line":1,"column":16}}},"fnMap":{"0":{"name":"computeProjected","decl":{"start":{"line":1,"column":16},"end":{"line":1,"column":32}},"loc":{"start":{"line":1,"column":70},"end":{"line":18,"column":1}}}},"branchMap":{"0":{"loc":{"start":{"line":9,"column":8},"end":{"line":11,"column":null}},"type":"if","locations":[{"start":{"line":9,"column":8},"end":{"line":11,"column":null}},{"start":{"line":9,"column":8},"end":{"line":11,"column":null}}]}},"s":{"0":0,"1":0,"2":0,"3":0,"4":0,"5":0,"6":0,"7":0,"8":0,"9":0,"10":0,"11":0},"f":{"0":0},"b":{"0":[0,0]}}
,"/Users/brendan/workspace/v4-simulator/src/lib/computeUsers.ts": {"path":"/Users/brendan/workspace/v4-simulator/src/lib/computeUsers.ts","statementMap":{"0":{"start":{"line":2,"column":0},"end":{"line":2,"column":31}},"1":{"start":{"line":7,"column":4},"end":{"line":10,"column":null}},"2":{"start":{"line":7,"column":35},"end":{"line":10,"column":7}},"3":{"start":{"line":6,"column":0},"end":{"line":6,"column":16}}},"fnMap":{"0":{"name":"computeUsers","decl":{"start":{"line":6,"column":16},"end":{"line":6,"column":28}},"loc":{"start":{"line":6,"column":77},"end":{"line":11,"column":1}}},"1":{"name":"(anonymous_1)","decl":{"start":{"line":7,"column":24},"end":{"line":7,"column":31}},"loc":{"start":{"line":7,"column":31},"end":{"line":7,"column":36}}}},"branchMap":{},"s":{"0":0,"1":0,"2":0,"3":0},"f":{"0":0,"1":0},"b":{}}
,"/Users/brendan/workspace/v4-simulator/src/lib/dumpDrawResults.ts": {"path":"/Users/brendan/workspace/v4-simulator/src/lib/dumpDrawResults.ts","statementMap":{"0":{"start":{"line":2,"column":0},"end":{"line":2,"column":19}},"1":{"start":{"line":5,"column":17},"end":{"line":5,"column":56}},"2":{"start":{"line":7,"column":4},"end":{"line":11,"column":null}},"3":{"start":{"line":8,"column":8},"end":{"line":10,"column":null}},"4":{"start":{"line":9,"column":12},"end":{"line":9,"column":null}},"5":{"start":{"line":13,"column":4},"end":{"line":13,"column":null}},"6":{"start":{"line":4,"column":0},"end":{"line":4,"column":16}}},"fnMap":{"0":{"name":"dumpDrawResults","decl":{"start":{"line":4,"column":16},"end":{"line":4,"column":31}},"loc":{"start":{"line":4,"column":107},"end":{"line":14,"column":1}}},"1":{"name":"(anonymous_1)","decl":{"start":{"line":7,"column":24},"end":{"line":7,"column":25}},"loc":{"start":{"line":7,"column":42},"end":{"line":11,"column":5}}},"2":{"name":"(anonymous_2)","decl":{"start":{"line":8,"column":34},"end":{"line":8,"column":35}},"loc":{"start":{"line":8,"column":56},"end":{"line":10,"column":9}}}},"branchMap":{},"s":{"0":0,"1":0,"2":0,"3":0,"4":0,"5":0,"6":0},"f":{"0":0,"1":0,"2":0},"b":{}}
,"/Users/brendan/workspace/v4-simulator/src/lib/parseCsv.ts": {"path":"/Users/brendan/workspace/v4-simulator/src/lib/parseCsv.ts","statementMap":{"0":{"start":{"line":1,"column":0},"end":{"line":1,"column":31}},"1":{"start":{"line":2,"column":0},"end":{"line":2,"column":19}},"2":{"start":{"line":4,"column":18},"end":{"line":4,"column":39}},"3":{"start":{"line":6,"column":49},"end":{"line":6,"column":null}},"4":{"start":{"line":7,"column":4},"end":{"line":25,"column":null}},"5":{"start":{"line":9,"column":40},"end":{"line":9,"column":42}},"6":{"start":{"line":11,"column":8},"end":{"line":24,"column":null}},"7":{"start":{"line":14,"column":16},"end":{"line":17,"column":null}},"8":{"start":{"line":20,"column":16},"end":{"line":20,"column":null}},"9":{"start":{"line":23,"column":16},"end":{"line":23,"column":null}},"10":{"start":{"line":6,"column":0},"end":{"line":6,"column":22}}},"fnMap":{"0":{"name":"parseCsv","decl":{"start":{"line":6,"column":22},"end":{"line":6,"column":30}},"loc":{"start":{"line":6,"column":70},"end":{"line":26,"column":null}}},"1":{"name":"(anonymous_3)","decl":{"start":{"line":7,"column":23},"end":{"line":7,"column":24}},"loc":{"start":{"line":7,"column":39},"end":{"line":25,"column":5}}},"2":{"name":"(anonymous_4)","decl":{"start":{"line":13,"column":24},"end":{"line":13,"column":25}},"loc":{"start":{"line":13,"column":34},"end":{"line":18,"column":13}}},"3":{"name":"(anonymous_5)","decl":{"start":{"line":19,"column":23},"end":{"line":19,"column":null}},"loc":{"start":{"line":19,"column":23},"end":{"line":21,"column":13}}},"4":{"name":"(anonymous_6)","decl":{"start":{"line":22,"column":25},"end":{"line":22,"column":26}},"loc":{"start":{"line":22,"column":36},"end":{"line":24,"column":13}}}},"branchMap":{"0":{"loc":{"start":{"line":6,"column":49},"end":{"line":6,"column":null}},"type":"if","locations":[{"start":{"line":6,"column":49},"end":{"line":6,"column":null}},{"start":{"line":6,"column":49},"end":{"line":6,"column":null}}]}},"s":{"0":0,"1":0,"2":0,"3":0,"4":0,"5":0,"6":0,"7":0,"8":0,"9":0,"10":0},"f":{"0":0,"1":0,"2":0,"3":0,"4":0},"b":{"0":[0,0]}}
,"/Users/brendan/workspace/v4-simulator/src/lib/parsePrizesOutput.ts": {"path":"/Users/brendan/workspace/v4-simulator/src/lib/parsePrizesOutput.ts","statementMap":{"0":{"start":{"line":1,"column":0},"end":{"line":1,"column":31}},"1":{"start":{"line":2,"column":0},"end":{"line":2,"column":19}},"2":{"start":{"line":4,"column":18},"end":{"line":4,"column":39}},"3":{"start":{"line":7,"column":4},"end":{"line":26,"column":null}},"4":{"start":{"line":9,"column":41},"end":{"line":9,"column":43}},"5":{"start":{"line":11,"column":8},"end":{"line":25,"column":null}},"6":{"start":{"line":14,"column":16},"end":{"line":18,"column":null}},"7":{"start":{"line":21,"column":16},"end":{"line":21,"column":null}},"8":{"start":{"line":24,"column":16},"end":{"line":24,"column":null}},"9":{"start":{"line":6,"column":0},"end":{"line":6,"column":22}}},"fnMap":{"0":{"name":"parsePrizesOutput","decl":{"start":{"line":6,"column":22},"end":{"line":6,"column":39}},"loc":{"start":{"line":6,"column":56},"end":{"line":27,"column":null}}},"1":{"name":"(anonymous_3)","decl":{"start":{"line":7,"column":23},"end":{"line":7,"column":24}},"loc":{"start":{"line":7,"column":39},"end":{"line":26,"column":5}}},"2":{"name":"(anonymous_4)","decl":{"start":{"line":13,"column":24},"end":{"line":13,"column":25}},"loc":{"start":{"line":13,"column":34},"end":{"line":19,"column":13}}},"3":{"name":"(anonymous_5)","decl":{"start":{"line":20,"column":23},"end":{"line":20,"column":null}},"loc":{"start":{"line":20,"column":23},"end":{"line":22,"column":13}}},"4":{"name":"(anonymous_6)","decl":{"start":{"line":23,"column":25},"end":{"line":23,"column":26}},"loc":{"start":{"line":23,"column":36},"end":{"line":25,"column":13}}}},"branchMap":{},"s":{"0":0,"1":0,"2":0,"3":0,"4":0,"5":0,"6":0,"7":0,"8":0,"9":0},"f":{"0":0,"1":0,"2":0,"3":0,"4":0},"b":{}}
}
