TN:
SF:src/index.ts
FNF:0
FNH:0
DA:2,0
DA:3,0
DA:4,0
DA:5,0
DA:6,0
DA:8,0
DA:10,0
DA:20,0
DA:24,0
DA:31,0
DA:32,0
LF:11
LH:0
BRF:0
BRH:0
end_of_record
TN:
SF:src/commands/metrics.ts
FN:7,metrics
FN:10,(anonymous_3)
FNF:2
FNH:0
FNDA:0,metrics
FNDA:0,(anonymous_3)
DA:1,0
DA:2,0
DA:5,0
DA:7,0
DA:8,0
DA:10,0
DA:11,0
DA:12,0
DA:15,0
LF:9
LH:0
BRDA:8,0,0,0
BRF:1
BRH:0
end_of_record
TN:
SF:src/commands/prize-counts.ts
FN:3,computeProjected
FN:16,newRandom
FN:24,simulate
FN:45,prizeCounts
FN:65,(anonymous_5)
FNF:5
FNH:0
FNDA:0,computeProjected
FNDA:0,newRandom
FNDA:0,simulate
FNDA:0,prizeCounts
FNDA:0,(anonymous_5)
DA:1,0
DA:4,0
DA:5,0
DA:6,0
DA:7,0
DA:8,0
DA:10,0
DA:11,0
DA:13,0
DA:17,0
DA:18,0
DA:19,0
DA:21,0
DA:25,0
DA:26,0
DA:27,0
DA:28,0
DA:29,0
DA:30,0
DA:31,0
DA:32,0
DA:34,0
DA:37,0
DA:38,0
DA:39,0
DA:42,0
DA:47,0
DA:48,0
DA:49,0
DA:51,0
DA:52,0
DA:53,0
DA:55,0
DA:56,0
DA:57,0
DA:58,0
DA:60,0
DA:62,0
DA:63,0
DA:64,0
DA:65,0
DA:66,0
DA:67,0
DA:71,0
DA:72,0
DA:75,0
DA:76,0
DA:80,0
LF:48
LH:0
BRDA:7,0,0,0
BRDA:7,0,1,0
BRDA:31,1,0,0
BRDA:31,1,1,0
BRDA:37,2,0,0
BRDA:37,2,1,0
BRF:6
BRH:0
end_of_record
TN:
SF:src/commands/prizes.ts
FN:15,prizes
FN:24,(anonymous_3)
FN:48,(anonymous_4)
FNF:3
FNH:0
FNDA:0,prizes
FNDA:0,(anonymous_3)
FNDA:0,(anonymous_4)
DA:1,0
DA:2,0
DA:3,0
DA:4,0
DA:5,0
DA:6,0
DA:7,0
DA:9,0
DA:15,0
DA:16,0
DA:17,0
DA:18,0
DA:19,0
DA:21,0
DA:22,0
DA:24,0
DA:25,0
DA:29,0
DA:31,0
DA:33,0
DA:43,0
DA:48,0
DA:49,0
DA:50,0
DA:53,0
DA:55,0
LF:26
LH:0
BRDA:17,0,0,0
BRDA:17,0,1,0
BRF:2
BRH:0
end_of_record
TN:
SF:src/lib/computeCardinality.ts
FN:3,computeCardinality
FNF:1
FNH:0
FNDA:0,computeCardinality
DA:1,0
DA:3,0
DA:6,0
DA:8,0
DA:10,0
DA:13,0
DA:14,0
DA:17,0
DA:19,0
LF:9
LH:0
BRDA:6,0,0,0
BRDA:6,0,1,0
BRF:2
BRH:0
end_of_record
TN:
SF:src/lib/computeProjected.ts
FN:1,computeProjected
FNF:1
FNH:0
FNDA:0,computeProjected
DA:1,0
DA:2,0
DA:3,0
DA:5,0
DA:7,0
DA:8,0
DA:9,0
DA:10,0
DA:12,0
DA:14,0
DA:17,0
LF:11
LH:0
BRDA:9,0,0,0
BRDA:9,0,1,0
BRF:2
BRH:0
end_of_record
TN:
SF:src/lib/computeUsers.ts
FN:6,computeUsers
FN:7,(anonymous_1)
FNF:2
FNH:0
FNDA:0,computeUsers
FNDA:0,(anonymous_1)
DA:2,0
DA:6,0
DA:7,0
LF:3
LH:0
BRF:0
BRH:0
end_of_record
TN:
SF:src/lib/dumpDrawResults.ts
FN:4,dumpDrawResults
FN:7,(anonymous_1)
FN:8,(anonymous_2)
FNF:3
FNH:0
FNDA:0,dumpDrawResults
FNDA:0,(anonymous_1)
FNDA:0,(anonymous_2)
DA:2,0
DA:4,0
DA:5,0
DA:7,0
DA:8,0
DA:9,0
DA:13,0
LF:7
LH:0
BRF:0
BRH:0
end_of_record
TN:
SF:src/lib/parseCsv.ts
FN:6,parseCsv
FN:7,(anonymous_3)
FN:13,(anonymous_4)
FN:19,(anonymous_5)
FN:22,(anonymous_6)
FNF:5
FNH:0
FNDA:0,parseCsv
FNDA:0,(anonymous_3)
FNDA:0,(anonymous_4)
FNDA:0,(anonymous_5)
FNDA:0,(anonymous_6)
DA:1,0
DA:2,0
DA:4,0
DA:6,0
DA:7,0
DA:9,0
DA:11,0
DA:14,0
DA:20,0
DA:23,0
LF:10
LH:0
BRDA:6,0,0,0
BRDA:6,0,1,0
BRF:2
BRH:0
end_of_record
TN:
SF:src/lib/parsePrizesOutput.ts
FN:6,parsePrizesOutput
FN:7,(anonymous_3)
FN:13,(anonymous_4)
FN:20,(anonymous_5)
FN:23,(anonymous_6)
FNF:5
FNH:0
FNDA:0,parsePrizesOutput
FNDA:0,(anonymous_3)
FNDA:0,(anonymous_4)
FNDA:0,(anonymous_5)
FNDA:0,(anonymous_6)
DA:1,0
DA:2,0
DA:4,0
DA:6,0
DA:7,0
DA:9,0
DA:11,0
DA:14,0
DA:21,0
DA:24,0
LF:10
LH:0
BRF:0
BRH:0
end_of_record
